<?xml version="1.0" encoding="UTF-8" ?>
<testsuite tests="28" failures="0" name="com.github.javafaker.FakerTest" time="0.04" errors="0" skipped="0">
  <properties>
    <property name="java.runtime.name" value="OpenJDK Runtime Environment"/>
    <property name="java.vm.version" value="15.0.1+9"/>
    <property name="sun.boot.library.path" value="/usr/local/Cellar/openjdk/15.0.1/libexec/openjdk.jdk/Contents/Home/lib"/>
    <property name="maven.multiModuleProjectDirectory" value="/Users/ivan/Developer/Desktop/Faker"/>
    <property name="java.vm.vendor" value="Oracle Corporation"/>
    <property name="java.vendor.url" value="https://openjdk.java.net/"/>
    <property name="guice.disable.misplaced.annotation.check" value="true"/>
    <property name="path.separator" value=":"/>
    <property name="java.vm.name" value="OpenJDK 64-Bit Server VM"/>
    <property name="user.country" value="US"/>
    <property name="sun.java.launcher" value="SUN_STANDARD"/>
    <property name="java.vm.specification.name" value="Java Virtual Machine Specification"/>
    <property name="user.dir" value="/Users/ivan/Developer/Desktop/Faker"/>
    <property name="java.vm.compressedOopsMode" value="Zero based"/>
    <property name="java.runtime.version" value="15.0.1+9"/>
    <property name="os.arch" value="x86_64"/>
    <property name="java.io.tmpdir" value="/var/folders/83/0ch14q797cb570ymj8rq7q1r0000gn/T/"/>
    <property name="line.separator" value="
"/>
    <property name="java.vm.specification.vendor" value="Oracle Corporation"/>
    <property name="os.name" value="Mac OS X"/>
    <property name="classworlds.conf" value="/usr/local/Cellar/maven/3.6.3_1/libexec/bin/m2.conf"/>
    <property name="sun.jnu.encoding" value="UTF-8"/>
    <property name="java.library.path" value="/Users/ivan/Library/Java/Extensions:/Library/Java/Extensions:/Network/Library/Java/Extensions:/System/Library/Java/Extensions:/usr/lib/java:."/>
    <property name="maven.conf" value="/usr/local/Cellar/maven/3.6.3_1/libexec/conf"/>
    <property name="jdk.debug" value="release"/>
    <property name="java.class.version" value="59.0"/>
    <property name="java.specification.name" value="Java Platform API Specification"/>
    <property name="sun.management.compiler" value="HotSpot 64-Bit Tiered Compilers"/>
    <property name="os.version" value="11.1"/>
    <property name="library.jansi.path" value="/usr/local/Cellar/maven/3.6.3_1/libexec/lib/jansi-native"/>
    <property name="http.nonProxyHosts" value="local|*.local|169.254/16|*.169.254/16|127.0.0.1"/>
    <property name="user.home" value="/Users/ivan"/>
    <property name="user.timezone" value="America/Santo_Domingo"/>
    <property name="file.encoding" value="UTF-8"/>
    <property name="java.specification.version" value="15"/>
    <property name="user.name" value="ivan"/>
    <property name="java.class.path" value="/usr/local/Cellar/maven/3.6.3_1/libexec/boot/plexus-classworlds-2.6.0.jar"/>
    <property name="java.vm.specification.version" value="15"/>
    <property name="sun.arch.data.model" value="64"/>
    <property name="sun.java.command" value="org.codehaus.plexus.classworlds.launcher.Launcher install"/>
    <property name="java.home" value="/usr/local/Cellar/openjdk/15.0.1/libexec/openjdk.jdk/Contents/Home"/>
    <property name="user.language" value="en"/>
    <property name="java.specification.vendor" value="Oracle Corporation"/>
    <property name="java.vm.info" value="mixed mode, sharing"/>
    <property name="java.version" value="15.0.1"/>
    <property name="java.vendor" value="N/A"/>
    <property name="maven.home" value="/usr/local/Cellar/maven/3.6.3_1/libexec"/>
    <property name="file.separator" value="/"/>
    <property name="java.version.date" value="2020-10-20"/>
    <property name="java.vendor.url.bug" value="https://bugreport.java.com/bugreport/"/>
    <property name="sun.io.unicode.encoding" value="UnicodeBig"/>
    <property name="sun.cpu.endian" value="little"/>
    <property name="socksNonProxyHosts" value="local|*.local|169.254/16|*.169.254/16|127.0.0.1"/>
    <property name="ftp.nonProxyHosts" value="local|*.local|169.254/16|*.169.254/16|127.0.0.1"/>
  </properties>
  <testcase classname="com.github.javafaker.FakerTest" name="regexifyShouldGenerateNumbers" time="0"/>
  <testcase classname="com.github.javafaker.FakerTest" name="bothifyShouldGenerateLettersAndNumbers" time="0.002"/>
  <testcase classname="com.github.javafaker.FakerTest" name="expression" time="0.007"/>
  <testcase classname="com.github.javafaker.FakerTest" name="regexifyShouldGenerateAlternations" time="0.001"/>
  <testcase classname="com.github.javafaker.FakerTest" name="badExpressionTooManyArgs" time="0"/>
  <testcase classname="com.github.javafaker.FakerTest" name="resolveShouldThrowExceptionWhenPropertyDoesntExist" time="0.004"/>
  <testcase classname="com.github.javafaker.FakerTest" name="badExpressionTooFewArgs" time="0"/>
  <testcase classname="com.github.javafaker.FakerTest" name="numerifyShouldLeaveNonSpecialCharactersAlone" time="0"/>
  <testcase classname="com.github.javafaker.FakerTest" name="regexifyShouldGenerateBracketsQuantifiers" time="0.001"/>
  <testcase classname="com.github.javafaker.FakerTest" name="regexifyShouldGenerateSameValueForFakerWithSameSeed" time="0"/>
  <testcase classname="com.github.javafaker.FakerTest" name="regexifyShouldGenerateBasicCharacterClasses" time="0.001"/>
  <testcase classname="com.github.javafaker.FakerTest" name="regexifyShouldGenerateMultipleCharacterClassRanges" time="0"/>
  <testcase classname="com.github.javafaker.FakerTest" name="regexifyShouldGenerateLetters" time="0.001"/>
  <testcase classname="com.github.javafaker.FakerTest" name="badExpressionCouldntCoerce" time="0.001"/>
  <testcase classname="com.github.javafaker.FakerTest" name="numberBetweenRepeated" time="0.007"/>
  <testcase classname="com.github.javafaker.FakerTest" name="fakerInstanceCanBeAcquiredViaUtilityMethods" time="0.001"/>
  <testcase classname="com.github.javafaker.FakerTest" name="letterifyShouldGenerateLetters" time="0"/>
  <testcase classname="com.github.javafaker.FakerTest" name="regexifyShouldGenerateMinMaxQuantifiers" time="0"/>
  <testcase classname="com.github.javafaker.FakerTest" name="numerifyShouldGenerateNumbers" time="0"/>
  <testcase classname="com.github.javafaker.FakerTest" name="regexifyShouldGenerateCharacterClassRanges" time="0"/>
  <testcase classname="com.github.javafaker.FakerTest" name="regexifyShouldGenerateBracketsQuantifiersOnBasicCharacterClasses" time="0.009"/>
  <testcase classname="com.github.javafaker.FakerTest" name="regexifyShouldGenerateEscapedCharacters" time="0"/>
  <testcase classname="com.github.javafaker.FakerTest" name="resolveShouldReturnValueThatExists" time="0.003"/>
  <testcase classname="com.github.javafaker.FakerTest" name="regexifyShouldGenerateBracketsQuantifiersOnCharacterClassRanges" time="0.001"/>
  <testcase classname="com.github.javafaker.FakerTest" name="letterifyShouldGenerateUpperCaseLetters" time="0"/>
  <testcase classname="com.github.javafaker.FakerTest" name="regexifyShouldGenerateBracketsQuantifiersOnAlternations" time="0"/>
  <testcase classname="com.github.javafaker.FakerTest" name="letterifyShouldLeaveNonSpecialCharactersAlone" time="0.001"/>
  <testcase classname="com.github.javafaker.FakerTest" name="regexifyShouldGenerateSingleCharacterQuantifiers" time="0"/>
</testsuite>